INFO [process_setup] [2024-05-08:13:51:25 TabNine INFO] 
============ Tabnine process /Users/rickyperlick/.local/share/nvim/plugged/tabnine-nvim/lua/tabnine/../../binaries/4.160.0/aarch64-apple-darwin/TabNine (36042) started ============
INFO [TabNine::main_utils] [2024-05-08:13:51:25 TabNine INFO] /Users/rickyperlick/.local/share/nvim/plugged/tabnine-nvim/lua/tabnine/../../binaries/4.160.0/aarch64-apple-darwin/TabNine --client nvim --client-metadata ide-restart-counter=1 pluginVersion=1.7.0 --log-file-path=~/.config/nvim/tabnine.log
INFO [watchdog_api::wd_client] [2024-05-08:13:51:25 TabNine INFO] Initializing watchdog client...
INFO [TabNine::bootstrap_support] [2024-05-08:13:51:25 TabNine INFO] trying to start tabnine version Some("4.160.0")
INFO [TabNine::bootstrap_support] [2024-05-08:13:51:25 TabNine INFO] spawning tabnine with args ["/Users/rickyperlick/.local/share/nvim/plugged/tabnine-nvim/lua/tabnine/../../binaries/4.160.0/aarch64-apple-darwin/TabNine", "--client", "nvim", "--client-metadata", "ide-restart-counter=1", "pluginVersion=1.7.0", "--log-file-path=~/.config/nvim/tabnine.log", "--no_bootstrap"]
INFO [TabNine::bootstrap_support] [2024-05-08:13:51:25 TabNine INFO] started tabnine process pid 36044 version Some("4.160.0"), desired version was Some("4.160.0") this version is Some("4.160.0")
INFO [process_setup] [2024-05-08:13:51:25 TabNine INFO] 
============ Tabnine process /Users/rickyperlick/.local/share/nvim/plugged/tabnine-nvim/lua/tabnine/../../binaries/4.160.0/aarch64-apple-darwin/TabNine (36044) started ============
INFO [TabNine::main_utils] [2024-05-08:13:51:25 TabNine INFO] /Users/rickyperlick/.local/share/nvim/plugged/tabnine-nvim/lua/tabnine/../../binaries/4.160.0/aarch64-apple-darwin/TabNine --client nvim --client-metadata ide-restart-counter=1 pluginVersion=1.7.0 --log-file-path=~/.config/nvim/tabnine.log --no_bootstrap
INFO [watchdog_api::wd_client] [2024-05-08:13:51:25 TabNine INFO] Initializing watchdog client...
INFO [models_api_singleton] [2024-05-08:13:51:25 TabNine INFO] Creating models api singleton...
INFO [models_api_singleton] [2024-05-08:13:51:25 TabNine INFO] Updating models API access token...
INFO [lunar_connection] [2024-05-08:13:51:25 TabNine INFO] lunar settings update thread started (Local(Public) ce94127b)
INFO [lunar_connection] [2024-05-08:13:51:25 TabNine INFO] lunar settings update thread started (Local(Public) ce94127b)
INFO [lunar_connection] [2024-05-08:13:51:25 TabNine INFO] lunar settings update thread started (Remote cloud)
INFO [auth::capabilities] [2024-05-08:13:51:25 TabNine INFO] User changed. Refreshing capabilities
INFO [auth::capabilities] [2024-05-08:13:51:25 TabNine INFO] Refreshing capabilities
INFO [frontend::initialize] [2024-05-08:13:51:25 TabNine INFO] Started.
INFO [lunar_connection::local_lunar_connection] [2024-05-08:13:51:25 TabNine INFO] running command "/Users/rickyperlick/.local/share/nvim/plugged/tabnine-nvim/lua/tabnine/../../binaries/4.160.0/aarch64-apple-darwin/TabNine-deep-local" "--settings" "/Users/rickyperlick/Library/Preferences/TabNine/local.settingsce94127bSmall" "--settings-version" "1" "--log-file-path" "~/.config/nvim/tabnine.log" "--client" "nvim" "--client-metadata" "ide-restart-counter=1" "pluginVersion=1.7.0"
INFO [process_setup] [2024-05-08:13:51:25 TabNine-deep-local INFO] 
============ Tabnine process /Users/rickyperlick/.local/share/nvim/plugged/tabnine-nvim/lua/tabnine/../../binaries/4.160.0/aarch64-apple-darwin/TabNine-deep-local (36047) started ============
INFO [TabNine_deep_local] [2024-05-08:13:51:25 TabNine-deep-local INFO] parsed settings are Some(Settings { cpu_model: CpuModelSettings { rate_limit_interval_seconds: None, rate_limit_amount: None, enable_power_saving_mode: false }, download: DownloadSettings { api_key: None, meta_data_base_url: "https://api.tabnine.com", model: ModelMetadata { model_id: "162640eb4381301da6ff3a6913c806965a2ec6a7d3a6943bec51de1088948c72", upload_time: 2021-05-25T15:38:00+00:00, crc32_over_file_without_headers: "ce94127b", model_size: Small, owned_by_team_id: None, specialized_for_language: None, source_type: None, display_name: None, is_production_ready: true, is_manually_selectable: false } }, tune: TuneSettings { enable_power_saving_mode: false, override_beams: None, override_context_length: None }, run: RunSettings { is_enabled: true, omit_prefix_suggestions: false, line_suggestions: false } })
INFO [TabNine_deep_local] [2024-05-08:13:51:25 TabNine-deep-local INFO] local_lock_path "/Users/rickyperlick/Library/Preferences/TabNine/4.160.0/TabNine-deep-local.lockce94127b"
INFO [TabNine_deep_local] [2024-05-08:13:51:25 TabNine-deep-local INFO] TabNine-deep-local is already running, responding with existing port
INFO [lunar_connection::local_lunar_connection] [2024-05-08:13:51:25 TabNine INFO] setting default model analytics
WARN [lunar_connection::cloud_availability] [2024-05-08:13:51:25 TabNine WARN] Cannot connect to cloud: pinging to: host=cloud.tabnine.com, port=443
Failed to connect to cloud ()

INFO [actix_server::builder] [2024-05-08:13:51:25 TabNine INFO] starting 8 workers
INFO [ui::http_server] [2024-05-08:13:51:25 TabNine INFO] Hub HTTP server started on http://127.0.0.1:1123/sec-zrlvidujpytrazhqmcdn
INFO [actix_server::server] [2024-05-08:13:51:25 TabNine INFO] Tokio runtime found; starting in existing Tokio runtime
INFO [frontend::initialize] [2024-05-08:13:51:26 TabNine INFO] Hub site is: https://hub.tabnine.com/v9/?tabnineUrl=http://127.0.0.1:1123/sec-zrlvidujpytrazhqmcdn
INFO [cloud2_utils::snippet_suggestions_host] [2024-05-08:13:51:26 TabNine INFO] enrichment config - returning default config
INFO [bootstrapper::bootstrapper_lib] [2024-05-08:13:51:26 TabNine INFO] current version is Some(Version { major: 4, minor: 160, patch: 0, pre: [], build: [] }), spawned version is Some(Version { major: 4, minor: 160, patch: 0, pre: [], build: [] }), remote version is Version { major: 4, minor: 160, patch: 0, pre: [], build: [] }
INFO [bootstrapper::bootstrapper_lib] [2024-05-08:13:51:26 TabNine INFO] don't need to upgrade
INFO [models_api_singleton] [2024-05-08:13:51:26 TabNine INFO] Updated models API access token of user: None
INFO [lunar_connection::local_lunar_connection] [2024-05-08:13:51:26 TabNine INFO] TabNine-deep-local exited with status exit status: 0
INFO [cloud2_utils::snippet_suggestions_host] [2024-05-08:13:51:27 TabNine INFO] enrichment config - returning default config
INFO [cloud2_utils::snippet_suggestions_host] [2024-05-08:13:51:29 TabNine INFO] enrichment config - returning default config
INFO [cloud2_utils::snippet_suggestions_host] [2024-05-08:13:51:29 TabNine INFO] enrichment config - returning default config
ERROR [in_app_messaging::internal] [2024-05-08:13:51:31 TabNine ERROR] Error while fetching messages. reqwest::Error { kind: Decode, source: Error("EOF while parsing a value", line: 1, column: 0) }
INFO [cloud2_utils::snippet_suggestions_host] [2024-05-08:13:51:32 TabNine INFO] enrichment config - returning default config
INFO [cloud2_utils::snippet_suggestions_host] [2024-05-08:13:51:36 TabNine INFO] enrichment config - returning default config
INFO [cloud2_utils::snippet_suggestions_host] [2024-05-08:13:52:22 TabNine INFO] enrichment config - returning default config
INFO [cloud2_utils::snippet_suggestions_host] [2024-05-08:13:52:32 TabNine INFO] enrichment config - returning default config
INFO [prompt_enrichment::dependencies_enricher] [2024-05-08:13:52:32 TabNine INFO] Creating TNM enrichment...
INFO [prompt_enrichment::dependencies_enricher] [2024-05-08:13:52:32 TabNine INFO] language Go is not enabled for dependencies enrichment, skipping
INFO [prompt_enrichment::nfc_enricher] [2024-05-08:13:52:32 TabNine INFO] Creating NFC enrichment...
INFO [prompt_enrichment::hints_enricher] [2024-05-08:13:52:32 TabNine INFO] Creating hinting enrichment...
INFO [prompt_enrichment::hints_enricher] [2024-05-08:13:52:32 TabNine INFO] no root paths found, skipping hinting enrichment
INFO [cloud2_utils::snippet_suggestions_host] [2024-05-08:13:52:32 TabNine INFO] enrichment config - returning default config
INFO [cloud2_utils::snippet_suggestions_host] [2024-05-08:13:52:33 TabNine INFO] enrichment config - returning default config
INFO [lunar_connection::local_lunar_connection] [2024-05-08:13:52:33 TabNine INFO] running command "/Users/rickyperlick/.local/share/nvim/plugged/tabnine-nvim/lua/tabnine/../../binaries/4.160.0/aarch64-apple-darwin/TabNine-deep-local" "--settings" "/Users/rickyperlick/Library/Preferences/TabNine/local.settingsce94127bSmall" "--settings-version" "1" "--log-file-path" "~/.config/nvim/tabnine.log" "--client" "nvim" "--client-metadata" "ide-restart-counter=1" "pluginVersion=1.7.0"
INFO [process_setup] [2024-05-08:13:52:33 TabNine-deep-local INFO] 
============ Tabnine process /Users/rickyperlick/.local/share/nvim/plugged/tabnine-nvim/lua/tabnine/../../binaries/4.160.0/aarch64-apple-darwin/TabNine-deep-local (36104) started ============
INFO [TabNine_deep_local] [2024-05-08:13:52:33 TabNine-deep-local INFO] parsed settings are Some(Settings { cpu_model: CpuModelSettings { rate_limit_interval_seconds: None, rate_limit_amount: None, enable_power_saving_mode: false }, download: DownloadSettings { api_key: None, meta_data_base_url: "https://api.tabnine.com", model: ModelMetadata { model_id: "162640eb4381301da6ff3a6913c806965a2ec6a7d3a6943bec51de1088948c72", upload_time: 2021-05-25T15:38:00+00:00, crc32_over_file_without_headers: "ce94127b", model_size: Small, owned_by_team_id: None, specialized_for_language: None, source_type: None, display_name: None, is_production_ready: true, is_manually_selectable: false } }, tune: TuneSettings { enable_power_saving_mode: false, override_beams: None, override_context_length: None }, run: RunSettings { is_enabled: true, omit_prefix_suggestions: false, line_suggestions: false } })
INFO [TabNine_deep_local] [2024-05-08:13:52:33 TabNine-deep-local INFO] local_lock_path "/Users/rickyperlick/Library/Preferences/TabNine/4.160.0/TabNine-deep-local.lockce94127b"
INFO [TabNine_deep_local] [2024-05-08:13:52:33 TabNine-deep-local INFO] TabNine-deep-local is already running, responding with existing port
INFO [lunar_connection::local_lunar_connection] [2024-05-08:13:52:33 TabNine INFO] TabNine-deep-local exited with status exit status: 0
INFO [cloud2_utils::snippet_suggestions_host] [2024-05-08:13:54:16 TabNine INFO] enrichment config - returning default config
INFO [prompt_enrichment::dependencies_enricher] [2024-05-08:13:54:16 TabNine INFO] Creating TNM enrichment...
INFO [prompt_enrichment::dependencies_enricher] [2024-05-08:13:54:16 TabNine INFO] language Go is not enabled for dependencies enrichment, skipping
INFO [prompt_enrichment::nfc_enricher] [2024-05-08:13:54:16 TabNine INFO] Creating NFC enrichment...
INFO [prompt_enrichment::hints_enricher] [2024-05-08:13:54:16 TabNine INFO] Creating hinting enrichment...
INFO [prompt_enrichment::hints_enricher] [2024-05-08:13:54:16 TabNine INFO] no root paths found, skipping hinting enrichment
INFO [cloud2_utils::snippet_suggestions_host] [2024-05-08:13:54:16 TabNine INFO] enrichment config - returning default config
INFO [cloud2_utils::snippet_suggestions_host] [2024-05-08:13:54:17 TabNine INFO] enrichment config - returning default config
INFO [cloud2_utils::snippet_suggestions_host] [2024-05-08:13:54:26 TabNine INFO] enrichment config - returning default config
INFO [cloud2_utils::snippet_suggestions_host] [2024-05-08:13:54:50 TabNine INFO] enrichment config - returning default config
INFO [cloud2_utils::snippet_suggestions_host] [2024-05-08:13:55:18 TabNine INFO] enrichment config - returning default config
INFO [cloud2_utils::snippet_suggestions_host] [2024-05-08:13:55:37 TabNine INFO] enrichment config - returning default config
INFO [cloud2_utils::snippet_suggestions_host] [2024-05-08:13:57:19 TabNine INFO] enrichment config - returning default config
INFO [prompt_enrichment::dependencies_enricher] [2024-05-08:13:57:19 TabNine INFO] Creating TNM enrichment...
INFO [prompt_enrichment::dependencies_enricher] [2024-05-08:13:57:19 TabNine INFO] language Go is not enabled for dependencies enrichment, skipping
INFO [prompt_enrichment::nfc_enricher] [2024-05-08:13:57:19 TabNine INFO] Creating NFC enrichment...
INFO [prompt_enrichment::hints_enricher] [2024-05-08:13:57:19 TabNine INFO] Creating hinting enrichment...
INFO [prompt_enrichment::hints_enricher] [2024-05-08:13:57:19 TabNine INFO] no root paths found, skipping hinting enrichment
INFO [cloud2_utils::snippet_suggestions_host] [2024-05-08:13:57:19 TabNine INFO] enrichment config - returning default config
ERROR [snippet_suggestions::snippets_provider] [2024-05-08:13:57:22 TabNine ERROR] Could not request snippet: Empty response: Proxy TimeoutError
INFO [cloud2_utils::snippet_suggestions_host] [2024-05-08:13:57:22 TabNine INFO] enrichment config - returning default config
INFO [cloud2_utils::snippet_suggestions_host] [2024-05-08:13:57:38 TabNine INFO] enrichment config - returning default config
INFO [prompt_enrichment::dependencies_enricher] [2024-05-08:13:57:38 TabNine INFO] Creating TNM enrichment...
INFO [prompt_enrichment::dependencies_enricher] [2024-05-08:13:57:38 TabNine INFO] language Go is not enabled for dependencies enrichment, skipping
INFO [prompt_enrichment::nfc_enricher] [2024-05-08:13:57:38 TabNine INFO] Creating NFC enrichment...
INFO [prompt_enrichment::hints_enricher] [2024-05-08:13:57:38 TabNine INFO] Creating hinting enrichment...
INFO [prompt_enrichment::hints_enricher] [2024-05-08:13:57:38 TabNine INFO] no root paths found, skipping hinting enrichment
INFO [cloud2_utils::snippet_suggestions_host] [2024-05-08:13:57:38 TabNine INFO] enrichment config - returning default config
INFO [cloud2_utils::snippet_suggestions_host] [2024-05-08:13:57:41 TabNine INFO] enrichment config - returning default config
INFO [cloud2_utils::snippet_suggestions_host] [2024-05-08:13:57:41 TabNine INFO] enrichment config - returning default config
INFO [prompt_enrichment::dependencies_enricher] [2024-05-08:13:57:41 TabNine INFO] Creating TNM enrichment...
INFO [prompt_enrichment::dependencies_enricher] [2024-05-08:13:57:41 TabNine INFO] language Go is not enabled for dependencies enrichment, skipping
INFO [prompt_enrichment::nfc_enricher] [2024-05-08:13:57:41 TabNine INFO] Creating NFC enrichment...
INFO [prompt_enrichment::hints_enricher] [2024-05-08:13:57:41 TabNine INFO] Creating hinting enrichment...
INFO [prompt_enrichment::hints_enricher] [2024-05-08:13:57:41 TabNine INFO] no root paths found, skipping hinting enrichment
INFO [cloud2_utils::snippet_suggestions_host] [2024-05-08:13:57:41 TabNine INFO] enrichment config - returning default config
INFO [cloud2_utils::snippet_suggestions_host] [2024-05-08:13:57:42 TabNine INFO] enrichment config - returning default config
INFO [cloud2_utils::snippet_suggestions_host] [2024-05-08:13:57:47 TabNine INFO] enrichment config - returning default config
INFO [prompt_enrichment::dependencies_enricher] [2024-05-08:13:57:47 TabNine INFO] Creating TNM enrichment...
INFO [prompt_enrichment::dependencies_enricher] [2024-05-08:13:57:47 TabNine INFO] language Go is not enabled for dependencies enrichment, skipping
INFO [prompt_enrichment::nfc_enricher] [2024-05-08:13:57:47 TabNine INFO] Creating NFC enrichment...
INFO [prompt_enrichment::hints_enricher] [2024-05-08:13:57:47 TabNine INFO] Creating hinting enrichment...
INFO [prompt_enrichment::hints_enricher] [2024-05-08:13:57:47 TabNine INFO] no root paths found, skipping hinting enrichment
INFO [cloud2_utils::snippet_suggestions_host] [2024-05-08:13:57:47 TabNine INFO] enrichment config - returning default config
INFO [cloud2_utils::snippet_suggestions_host] [2024-05-08:13:57:48 TabNine INFO] enrichment config - returning default config
INFO [cloud2_utils::snippet_suggestions_host] [2024-05-08:13:57:50 TabNine INFO] enrichment config - returning default config
INFO [prompt_enrichment::dependencies_enricher] [2024-05-08:13:57:50 TabNine INFO] Creating TNM enrichment...
INFO [prompt_enrichment::dependencies_enricher] [2024-05-08:13:57:50 TabNine INFO] language Go is not enabled for dependencies enrichment, skipping
INFO [prompt_enrichment::nfc_enricher] [2024-05-08:13:57:50 TabNine INFO] Creating NFC enrichment...
INFO [prompt_enrichment::hints_enricher] [2024-05-08:13:57:50 TabNine INFO] Creating hinting enrichment...
INFO [prompt_enrichment::hints_enricher] [2024-05-08:13:57:50 TabNine INFO] no root paths found, skipping hinting enrichment
INFO [cloud2_utils::snippet_suggestions_host] [2024-05-08:13:57:50 TabNine INFO] enrichment config - returning default config
INFO [cloud2_utils::snippet_suggestions_host] [2024-05-08:13:57:51 TabNine INFO] enrichment config - returning default config
INFO [cloud2_utils::snippet_suggestions_host] [2024-05-08:13:57:52 TabNine INFO] enrichment config - returning default config
INFO [prompt_enrichment::dependencies_enricher] [2024-05-08:13:57:52 TabNine INFO] Creating TNM enrichment...
INFO [prompt_enrichment::dependencies_enricher] [2024-05-08:13:57:52 TabNine INFO] language Go is not enabled for dependencies enrichment, skipping
INFO [prompt_enrichment::nfc_enricher] [2024-05-08:13:57:52 TabNine INFO] Creating NFC enrichment...
INFO [prompt_enrichment::hints_enricher] [2024-05-08:13:57:52 TabNine INFO] Creating hinting enrichment...
INFO [prompt_enrichment::hints_enricher] [2024-05-08:13:57:52 TabNine INFO] no root paths found, skipping hinting enrichment
INFO [cloud2_utils::snippet_suggestions_host] [2024-05-08:13:57:52 TabNine INFO] enrichment config - returning default config
INFO [cloud2_utils::snippet_suggestions_host] [2024-05-08:13:57:54 TabNine INFO] enrichment config - returning default config
INFO [cloud2_utils::snippet_suggestions_host] [2024-05-08:13:58:22 TabNine INFO] enrichment config - returning default config
INFO [prompt_enrichment::dependencies_enricher] [2024-05-08:13:58:22 TabNine INFO] Creating TNM enrichment...
INFO [prompt_enrichment::dependencies_enricher] [2024-05-08:13:58:22 TabNine INFO] language Go is not enabled for dependencies enrichment, skipping
INFO [prompt_enrichment::nfc_enricher] [2024-05-08:13:58:22 TabNine INFO] Creating NFC enrichment...
INFO [prompt_enrichment::hints_enricher] [2024-05-08:13:58:22 TabNine INFO] Creating hinting enrichment...
INFO [prompt_enrichment::hints_enricher] [2024-05-08:13:58:22 TabNine INFO] no root paths found, skipping hinting enrichment
INFO [cloud2_utils::snippet_suggestions_host] [2024-05-08:13:58:22 TabNine INFO] enrichment config - returning default config
ERROR [snippet_suggestions::snippets_provider] [2024-05-08:13:58:25 TabNine ERROR] Could not request snippet: Empty response: Proxy TimeoutError
INFO [cloud2_utils::snippet_suggestions_host] [2024-05-08:13:58:25 TabNine INFO] enrichment config - returning default config
INFO [cloud2_utils::snippet_suggestions_host] [2024-05-08:13:58:34 TabNine INFO] enrichment config - returning default config
INFO [prompt_enrichment::dependencies_enricher] [2024-05-08:13:58:34 TabNine INFO] Creating TNM enrichment...
INFO [prompt_enrichment::dependencies_enricher] [2024-05-08:13:58:34 TabNine INFO] language Go is not enabled for dependencies enrichment, skipping
INFO [prompt_enrichment::nfc_enricher] [2024-05-08:13:58:34 TabNine INFO] Creating NFC enrichment...
INFO [prompt_enrichment::hints_enricher] [2024-05-08:13:58:34 TabNine INFO] Creating hinting enrichment...
INFO [prompt_enrichment::hints_enricher] [2024-05-08:13:58:34 TabNine INFO] no root paths found, skipping hinting enrichment
INFO [cloud2_utils::snippet_suggestions_host] [2024-05-08:13:58:34 TabNine INFO] enrichment config - returning default config
INFO [cloud2_utils::snippet_suggestions_host] [2024-05-08:13:58:34 TabNine INFO] enrichment config - returning default config
INFO [cloud2_utils::snippet_suggestions_host] [2024-05-08:13:58:37 TabNine INFO] enrichment config - returning default config
INFO [prompt_enrichment::dependencies_enricher] [2024-05-08:13:58:37 TabNine INFO] Creating TNM enrichment...
INFO [prompt_enrichment::dependencies_enricher] [2024-05-08:13:58:37 TabNine INFO] language Go is not enabled for dependencies enrichment, skipping
INFO [prompt_enrichment::nfc_enricher] [2024-05-08:13:58:37 TabNine INFO] Creating NFC enrichment...
INFO [prompt_enrichment::hints_enricher] [2024-05-08:13:58:37 TabNine INFO] Creating hinting enrichment...
INFO [prompt_enrichment::hints_enricher] [2024-05-08:13:58:37 TabNine INFO] no root paths found, skipping hinting enrichment
INFO [cloud2_utils::snippet_suggestions_host] [2024-05-08:13:58:37 TabNine INFO] enrichment config - returning default config
INFO [cloud2_utils::snippet_suggestions_host] [2024-05-08:13:58:37 TabNine INFO] enrichment config - returning default config
INFO [cloud2_utils::snippet_suggestions_host] [2024-05-08:13:58:39 TabNine INFO] enrichment config - returning default config
INFO [prompt_enrichment::dependencies_enricher] [2024-05-08:13:58:39 TabNine INFO] Creating TNM enrichment...
INFO [prompt_enrichment::dependencies_enricher] [2024-05-08:13:58:39 TabNine INFO] language Go is not enabled for dependencies enrichment, skipping
INFO [prompt_enrichment::nfc_enricher] [2024-05-08:13:58:39 TabNine INFO] Creating NFC enrichment...
INFO [prompt_enrichment::hints_enricher] [2024-05-08:13:58:39 TabNine INFO] Creating hinting enrichment...
INFO [prompt_enrichment::hints_enricher] [2024-05-08:13:58:39 TabNine INFO] no root paths found, skipping hinting enrichment
INFO [cloud2_utils::snippet_suggestions_host] [2024-05-08:13:58:39 TabNine INFO] enrichment config - returning default config
INFO [cloud2_utils::snippet_suggestions_host] [2024-05-08:13:58:40 TabNine INFO] enrichment config - returning default config
ERROR [in_app_messaging::internal] [2024-05-08:14:01:31 TabNine ERROR] Error while fetching messages. reqwest::Error { kind: Decode, source: Error("EOF while parsing a value", line: 1, column: 0) }
INFO [cloud2_utils::snippet_suggestions_host] [2024-05-08:14:04:04 TabNine INFO] enrichment config - returning default config
INFO [prompt_enrichment::dependencies_enricher] [2024-05-08:14:04:04 TabNine INFO] Creating TNM enrichment...
INFO [prompt_enrichment::dependencies_enricher] [2024-05-08:14:04:04 TabNine INFO] language Go is not enabled for dependencies enrichment, skipping
INFO [prompt_enrichment::nfc_enricher] [2024-05-08:14:04:04 TabNine INFO] Creating NFC enrichment...
INFO [prompt_enrichment::hints_enricher] [2024-05-08:14:04:04 TabNine INFO] Creating hinting enrichment...
INFO [prompt_enrichment::hints_enricher] [2024-05-08:14:04:04 TabNine INFO] no root paths found, skipping hinting enrichment
INFO [cloud2_utils::snippet_suggestions_host] [2024-05-08:14:04:04 TabNine INFO] enrichment config - returning default config
INFO [cloud2_utils::snippet_suggestions_host] [2024-05-08:14:04:06 TabNine INFO] enrichment config - returning default config
INFO [io_server::dispatch::shutdown] [2024-05-08:14:04:26 TabNine INFO] Sending finished message from Input
INFO [io_server::dispatch::shutdown] [2024-05-08:14:04:26 TabNine INFO] Sending finished message from ChannelWorker("default")
INFO [io_server::dispatch::shutdown] [2024-05-08:14:04:26 TabNine INFO] Sending finished message from Output
INFO [TabNine] [2024-05-08:14:04:26 TabNine INFO] exiting....
INFO [TabNine::bootstrap_support] [2024-05-08:14:04:26 TabNine INFO] child process 36044 exited with status exit status: 0...
INFO [process_setup] [2024-05-08:14:04:30 TabNine INFO] 
============ Tabnine process /Users/rickyperlick/.local/share/nvim/plugged/tabnine-nvim/lua/tabnine/../../binaries/4.160.0/aarch64-apple-darwin/TabNine (37370) started ============
INFO [TabNine::main_utils] [2024-05-08:14:04:30 TabNine INFO] /Users/rickyperlick/.local/share/nvim/plugged/tabnine-nvim/lua/tabnine/../../binaries/4.160.0/aarch64-apple-darwin/TabNine --client nvim --client-metadata ide-restart-counter=1 pluginVersion=1.7.0 --log-file-path=~/.config/nvim/tabnine.log
INFO [watchdog_api::wd_client] [2024-05-08:14:04:30 TabNine INFO] Initializing watchdog client...
INFO [TabNine::bootstrap_support] [2024-05-08:14:04:30 TabNine INFO] trying to start tabnine version Some("4.160.0")
INFO [TabNine::bootstrap_support] [2024-05-08:14:04:30 TabNine INFO] spawning tabnine with args ["/Users/rickyperlick/.local/share/nvim/plugged/tabnine-nvim/lua/tabnine/../../binaries/4.160.0/aarch64-apple-darwin/TabNine", "--client", "nvim", "--client-metadata", "ide-restart-counter=1", "pluginVersion=1.7.0", "--log-file-path=~/.config/nvim/tabnine.log", "--no_bootstrap"]
INFO [TabNine::bootstrap_support] [2024-05-08:14:04:30 TabNine INFO] started tabnine process pid 37372 version Some("4.160.0"), desired version was Some("4.160.0") this version is Some("4.160.0")
INFO [process_setup] [2024-05-08:14:04:30 TabNine INFO] 
============ Tabnine process /Users/rickyperlick/.local/share/nvim/plugged/tabnine-nvim/lua/tabnine/../../binaries/4.160.0/aarch64-apple-darwin/TabNine (37372) started ============
INFO [TabNine::main_utils] [2024-05-08:14:04:30 TabNine INFO] /Users/rickyperlick/.local/share/nvim/plugged/tabnine-nvim/lua/tabnine/../../binaries/4.160.0/aarch64-apple-darwin/TabNine --client nvim --client-metadata ide-restart-counter=1 pluginVersion=1.7.0 --log-file-path=~/.config/nvim/tabnine.log --no_bootstrap
INFO [watchdog_api::wd_client] [2024-05-08:14:04:30 TabNine INFO] Initializing watchdog client...
INFO [models_api_singleton] [2024-05-08:14:04:30 TabNine INFO] Creating models api singleton...
INFO [models_api_singleton] [2024-05-08:14:04:30 TabNine INFO] Updating models API access token...
INFO [lunar_connection] [2024-05-08:14:04:30 TabNine INFO] lunar settings update thread started (Local(Public) ce94127b)
INFO [lunar_connection] [2024-05-08:14:04:30 TabNine INFO] lunar settings update thread started (Local(Public) ce94127b)
INFO [lunar_connection] [2024-05-08:14:04:30 TabNine INFO] lunar settings update thread started (Remote cloud)
INFO [auth::capabilities] [2024-05-08:14:04:30 TabNine INFO] User changed. Refreshing capabilities
INFO [auth::capabilities] [2024-05-08:14:04:30 TabNine INFO] Refreshing capabilities
INFO [frontend::initialize] [2024-05-08:14:04:30 TabNine INFO] Started.
INFO [lunar_connection::local_lunar_connection] [2024-05-08:14:04:30 TabNine INFO] running command "/Users/rickyperlick/.local/share/nvim/plugged/tabnine-nvim/lua/tabnine/../../binaries/4.160.0/aarch64-apple-darwin/TabNine-deep-local" "--settings" "/Users/rickyperlick/Library/Preferences/TabNine/local.settingsce94127bSmall" "--settings-version" "1" "--log-file-path" "~/.config/nvim/tabnine.log" "--client" "nvim" "--client-metadata" "ide-restart-counter=1" "pluginVersion=1.7.0"
INFO [process_setup] [2024-05-08:14:04:30 TabNine-deep-local INFO] 
============ Tabnine process /Users/rickyperlick/.local/share/nvim/plugged/tabnine-nvim/lua/tabnine/../../binaries/4.160.0/aarch64-apple-darwin/TabNine-deep-local (37375) started ============
INFO [TabNine_deep_local] [2024-05-08:14:04:30 TabNine-deep-local INFO] parsed settings are Some(Settings { cpu_model: CpuModelSettings { rate_limit_interval_seconds: None, rate_limit_amount: None, enable_power_saving_mode: false }, download: DownloadSettings { api_key: None, meta_data_base_url: "https://api.tabnine.com", model: ModelMetadata { model_id: "162640eb4381301da6ff3a6913c806965a2ec6a7d3a6943bec51de1088948c72", upload_time: 2021-05-25T15:38:00+00:00, crc32_over_file_without_headers: "ce94127b", model_size: Small, owned_by_team_id: None, specialized_for_language: None, source_type: None, display_name: None, is_production_ready: true, is_manually_selectable: false } }, tune: TuneSettings { enable_power_saving_mode: false, override_beams: None, override_context_length: None }, run: RunSettings { is_enabled: true, omit_prefix_suggestions: false, line_suggestions: false } })
INFO [TabNine_deep_local] [2024-05-08:14:04:30 TabNine-deep-local INFO] local_lock_path "/Users/rickyperlick/Library/Preferences/TabNine/4.160.0/TabNine-deep-local.lockce94127b"
INFO [TabNine_deep_local] [2024-05-08:14:04:30 TabNine-deep-local INFO] TabNine-deep-local is already running, responding with existing port
INFO [lunar_connection::local_lunar_connection] [2024-05-08:14:04:30 TabNine INFO] setting default model analytics
INFO [lunar_connection] [2024-05-08:14:04:30 TabNine INFO] Successfully updated Local(Public) ce94127b lunar settings
WARN [lunar_connection::cloud_availability] [2024-05-08:14:04:30 TabNine WARN] Cannot connect to cloud: pinging to: host=cloud.tabnine.com, port=443
Failed to connect to cloud ()

INFO [actix_server::builder] [2024-05-08:14:04:30 TabNine INFO] starting 8 workers
INFO [ui::http_server] [2024-05-08:14:04:30 TabNine INFO] Hub HTTP server started on http://127.0.0.1:1123/sec-rwmnuvbltwnndhalqnmp
INFO [actix_server::server] [2024-05-08:14:04:30 TabNine INFO] Tokio runtime found; starting in existing Tokio runtime
INFO [frontend::initialize] [2024-05-08:14:04:30 TabNine INFO] Hub site is: https://hub.tabnine.com/v9/?tabnineUrl=http://127.0.0.1:1123/sec-rwmnuvbltwnndhalqnmp
INFO [cloud2_utils::snippet_suggestions_host] [2024-05-08:14:04:30 TabNine INFO] enrichment config - returning default config
INFO [bootstrapper::bootstrapper_lib] [2024-05-08:14:04:31 TabNine INFO] current version is Some(Version { major: 4, minor: 160, patch: 0, pre: [], build: [] }), spawned version is Some(Version { major: 4, minor: 160, patch: 0, pre: [], build: [] }), remote version is Version { major: 4, minor: 160, patch: 0, pre: [], build: [] }
INFO [bootstrapper::bootstrapper_lib] [2024-05-08:14:04:31 TabNine INFO] don't need to upgrade
INFO [models_api_singleton] [2024-05-08:14:04:31 TabNine INFO] Updated models API access token of user: None
INFO [lunar_connection::local_lunar_connection] [2024-05-08:14:04:31 TabNine INFO] TabNine-deep-local exited with status exit status: 0
ERROR [in_app_messaging::internal] [2024-05-08:14:04:36 TabNine ERROR] Error while fetching messages. reqwest::Error { kind: Decode, source: Error("EOF while parsing a value", line: 1, column: 0) }
INFO [cloud2_utils::snippet_suggestions_host] [2024-05-08:14:04:54 TabNine INFO] enrichment config - returning default config
WARN [prompt_enrichment::nfc_enricher] [2024-05-08:14:04:54 TabNine WARN] NFC cache failed to insert with error: No extension found for /Users/rickyperlick/Coding/gorl
INFO [cloud2_utils::snippet_suggestions_host] [2024-05-08:14:08:23 TabNine INFO] enrichment config - returning default config
INFO [cloud2_utils::snippet_suggestions_host] [2024-05-08:14:08:23 TabNine INFO] enrichment config - returning default config
INFO [server::indexing::repo_indexer] [2024-05-08:14:08:23 TabNine INFO] Recreating repo indexer, dense false => false, sparse false => true
INFO [server::indexing::workspace] [2024-05-08:14:08:23 TabNine INFO] repo indexing started for /Users/rickyperlick/Coding/gorl
INFO [similarity_search::repo_indexing::repo_indexer] [2024-05-08:14:08:23 TabNine INFO] Waiting for vdb to start before repo indexing can start for /Users/rickyperlick/Coding/gorl
INFO [cloud2_utils::snippet_suggestions_host] [2024-05-08:14:08:23 TabNine INFO] enrichment config - returning default config
INFO [cloud2_utils::snippet_suggestions_host] [2024-05-08:14:08:23 TabNine INFO] enrichment config - returning default config
INFO [cloud2_utils::snippet_suggestions_host] [2024-05-08:14:08:23 TabNine INFO] enrichment config - returning default config
INFO [cloud2_utils::snippet_suggestions_host] [2024-05-08:14:08:23 TabNine INFO] enrichment config - returning default config
INFO [cloud2_utils::snippet_suggestions_host] [2024-05-08:14:08:23 TabNine INFO] enrichment config - returning default config
INFO [cloud2_utils::snippet_suggestions_host] [2024-05-08:14:08:23 TabNine INFO] enrichment config - returning default config
INFO [cloud2_utils::snippet_suggestions_host] [2024-05-08:14:08:23 TabNine INFO] enrichment config - returning default config
INFO [cloud2_utils::snippet_suggestions_host] [2024-05-08:14:08:23 TabNine INFO] enrichment config - returning default config
INFO [cloud2_utils::snippet_suggestions_host] [2024-05-08:14:08:23 TabNine INFO] enrichment config - returning default config
INFO [cloud2_utils::snippet_suggestions_host] [2024-05-08:14:08:23 TabNine INFO] enrichment config - returning default config
INFO [cloud2_utils::snippet_suggestions_host] [2024-05-08:14:08:23 TabNine INFO] enrichment config - returning default config
INFO [cloud2_utils::snippet_suggestions_host] [2024-05-08:14:08:23 TabNine INFO] enrichment config - returning default config
INFO [similarity_search::repo_indexing::repo_indexer] [2024-05-08:14:08:24 TabNine INFO] Repo indexing started for /Users/rickyperlick/Coding/gorl
INFO [rusqlite_migration] [2024-05-08:14:08:24 TabNine INFO] Database migrated to version 6
INFO [similarity_search::repo_indexing::indexing_status] [2024-05-08:14:08:24 TabNine INFO] indexing status tracker started listening - expecting [(SparseIndexer, 16), (ListFiles, 16)] jobs
INFO [similarity_search::repo_indexing::indexing_status] [2024-05-08:14:08:24 TabNine INFO] done receiving jobs for job id 'ListFiles', got 16/16 in 13.154667ms.
INFO [similarity_search::repo_indexing::indexing_status] [2024-05-08:14:08:24 TabNine INFO] done receiving jobs for job id 'SparseIndexer', got 16/16 in 107.068958ms.
INFO [similarity_search::repo_indexing::indexing_status] [2024-05-08:14:08:24 TabNine INFO] done receiving jobs, shutting down indexing status tracker
INFO [cloud2_utils::snippet_suggestions_host] [2024-05-08:14:08:30 TabNine INFO] enrichment config - returning default config
INFO [cloud2_utils::snippet_suggestions_host] [2024-05-08:14:08:30 TabNine INFO] enrichment config - returning default config
INFO [io_server::dispatch::shutdown] [2024-05-08:14:08:30 TabNine INFO] Sending finished message from Input
INFO [io_server::dispatch::shutdown] [2024-05-08:14:08:30 TabNine INFO] Sending finished message from ChannelWorker("default")
INFO [io_server::dispatch::shutdown] [2024-05-08:14:08:30 TabNine INFO] Sending finished message from Output
INFO [TabNine] [2024-05-08:14:08:30 TabNine INFO] exiting....
INFO [TabNine::bootstrap_support] [2024-05-08:14:08:30 TabNine INFO] child process 37372 exited with status exit status: 0...
INFO [process_setup] [2024-05-08:14:08:31 TabNine INFO] 
============ Tabnine process /Users/rickyperlick/.local/share/nvim/plugged/tabnine-nvim/lua/tabnine/../../binaries/4.160.0/aarch64-apple-darwin/TabNine (37670) started ============
INFO [TabNine::main_utils] [2024-05-08:14:08:31 TabNine INFO] /Users/rickyperlick/.local/share/nvim/plugged/tabnine-nvim/lua/tabnine/../../binaries/4.160.0/aarch64-apple-darwin/TabNine --client nvim --client-metadata ide-restart-counter=1 pluginVersion=1.7.0 --log-file-path=~/.config/nvim/tabnine.log
INFO [watchdog_api::wd_client] [2024-05-08:14:08:31 TabNine INFO] Initializing watchdog client...
INFO [TabNine::bootstrap_support] [2024-05-08:14:08:31 TabNine INFO] trying to start tabnine version Some("4.160.0")
INFO [TabNine::bootstrap_support] [2024-05-08:14:08:31 TabNine INFO] spawning tabnine with args ["/Users/rickyperlick/.local/share/nvim/plugged/tabnine-nvim/lua/tabnine/../../binaries/4.160.0/aarch64-apple-darwin/TabNine", "--client", "nvim", "--client-metadata", "ide-restart-counter=1", "pluginVersion=1.7.0", "--log-file-path=~/.config/nvim/tabnine.log", "--no_bootstrap"]
INFO [TabNine::bootstrap_support] [2024-05-08:14:08:31 TabNine INFO] started tabnine process pid 37672 version Some("4.160.0"), desired version was Some("4.160.0") this version is Some("4.160.0")
INFO [process_setup] [2024-05-08:14:08:31 TabNine INFO] 
============ Tabnine process /Users/rickyperlick/.local/share/nvim/plugged/tabnine-nvim/lua/tabnine/../../binaries/4.160.0/aarch64-apple-darwin/TabNine (37672) started ============
INFO [TabNine::main_utils] [2024-05-08:14:08:31 TabNine INFO] /Users/rickyperlick/.local/share/nvim/plugged/tabnine-nvim/lua/tabnine/../../binaries/4.160.0/aarch64-apple-darwin/TabNine --client nvim --client-metadata ide-restart-counter=1 pluginVersion=1.7.0 --log-file-path=~/.config/nvim/tabnine.log --no_bootstrap
INFO [watchdog_api::wd_client] [2024-05-08:14:08:31 TabNine INFO] Initializing watchdog client...
INFO [models_api_singleton] [2024-05-08:14:08:31 TabNine INFO] Creating models api singleton...
INFO [models_api_singleton] [2024-05-08:14:08:32 TabNine INFO] Updating models API access token...
INFO [lunar_connection] [2024-05-08:14:08:32 TabNine INFO] lunar settings update thread started (Local(Public) ce94127b)
INFO [lunar_connection] [2024-05-08:14:08:32 TabNine INFO] lunar settings update thread started (Local(Public) ce94127b)
INFO [lunar_connection] [2024-05-08:14:08:32 TabNine INFO] lunar settings update thread started (Remote cloud)
INFO [auth::capabilities] [2024-05-08:14:08:32 TabNine INFO] User changed. Refreshing capabilities
INFO [auth::capabilities] [2024-05-08:14:08:32 TabNine INFO] Refreshing capabilities
INFO [frontend::initialize] [2024-05-08:14:08:32 TabNine INFO] Started.
INFO [lunar_connection::local_lunar_connection] [2024-05-08:14:08:32 TabNine INFO] running command "/Users/rickyperlick/.local/share/nvim/plugged/tabnine-nvim/lua/tabnine/../../binaries/4.160.0/aarch64-apple-darwin/TabNine-deep-local" "--settings" "/Users/rickyperlick/Library/Preferences/TabNine/local.settingsce94127bSmall" "--settings-version" "1" "--log-file-path" "~/.config/nvim/tabnine.log" "--client" "nvim" "--client-metadata" "ide-restart-counter=1" "pluginVersion=1.7.0"
INFO [process_setup] [2024-05-08:14:08:32 TabNine-deep-local INFO] 
============ Tabnine process /Users/rickyperlick/.local/share/nvim/plugged/tabnine-nvim/lua/tabnine/../../binaries/4.160.0/aarch64-apple-darwin/TabNine-deep-local (37675) started ============
INFO [TabNine_deep_local] [2024-05-08:14:08:32 TabNine-deep-local INFO] parsed settings are Some(Settings { cpu_model: CpuModelSettings { rate_limit_interval_seconds: None, rate_limit_amount: None, enable_power_saving_mode: false }, download: DownloadSettings { api_key: None, meta_data_base_url: "https://api.tabnine.com", model: ModelMetadata { model_id: "162640eb4381301da6ff3a6913c806965a2ec6a7d3a6943bec51de1088948c72", upload_time: 2021-05-25T15:38:00+00:00, crc32_over_file_without_headers: "ce94127b", model_size: Small, owned_by_team_id: None, specialized_for_language: None, source_type: None, display_name: None, is_production_ready: true, is_manually_selectable: false } }, tune: TuneSettings { enable_power_saving_mode: false, override_beams: None, override_context_length: None }, run: RunSettings { is_enabled: true, omit_prefix_suggestions: false, line_suggestions: false } })
INFO [TabNine_deep_local] [2024-05-08:14:08:32 TabNine-deep-local INFO] local_lock_path "/Users/rickyperlick/Library/Preferences/TabNine/4.160.0/TabNine-deep-local.lockce94127b"
INFO [TabNine_deep_local] [2024-05-08:14:08:32 TabNine-deep-local INFO] TabNine-deep-local is already running, responding with existing port
INFO [lunar_connection::local_lunar_connection] [2024-05-08:14:08:32 TabNine INFO] setting default model analytics
WARN [lunar_connection::cloud_availability] [2024-05-08:14:08:32 TabNine WARN] Cannot connect to cloud: pinging to: host=cloud.tabnine.com, port=443
Failed to connect to cloud ()

INFO [actix_server::builder] [2024-05-08:14:08:32 TabNine INFO] starting 8 workers
INFO [ui::http_server] [2024-05-08:14:08:32 TabNine INFO] Hub HTTP server started on http://127.0.0.1:1123/sec-tbrzxlrrgpmxajlwbdfj
INFO [actix_server::server] [2024-05-08:14:08:32 TabNine INFO] Tokio runtime found; starting in existing Tokio runtime
INFO [frontend::initialize] [2024-05-08:14:08:32 TabNine INFO] Hub site is: https://hub.tabnine.com/v9/?tabnineUrl=http://127.0.0.1:1123/sec-tbrzxlrrgpmxajlwbdfj
INFO [cloud2_utils::snippet_suggestions_host] [2024-05-08:14:08:32 TabNine INFO] enrichment config - returning default config
INFO [bootstrapper::bootstrapper_lib] [2024-05-08:14:08:32 TabNine INFO] current version is Some(Version { major: 4, minor: 160, patch: 0, pre: [], build: [] }), spawned version is Some(Version { major: 4, minor: 160, patch: 0, pre: [], build: [] }), remote version is Version { major: 4, minor: 160, patch: 0, pre: [], build: [] }
INFO [bootstrapper::bootstrapper_lib] [2024-05-08:14:08:32 TabNine INFO] don't need to upgrade
INFO [models_api_singleton] [2024-05-08:14:08:32 TabNine INFO] Updated models API access token of user: None
INFO [lunar_connection::local_lunar_connection] [2024-05-08:14:08:32 TabNine INFO] TabNine-deep-local exited with status exit status: 0
INFO [cloud2_utils::snippet_suggestions_host] [2024-05-08:14:08:34 TabNine INFO] enrichment config - returning default config
ERROR [in_app_messaging::internal] [2024-05-08:14:08:37 TabNine ERROR] Error while fetching messages. reqwest::Error { kind: Decode, source: Error("EOF while parsing a value", line: 1, column: 0) }
INFO [cloud2_utils::snippet_suggestions_host] [2024-05-08:14:09:28 TabNine INFO] enrichment config - returning default config
INFO [cloud2_utils::snippet_suggestions_host] [2024-05-08:14:09:28 TabNine INFO] enrichment config - returning default config
INFO [server::indexing::repo_indexer] [2024-05-08:14:09:28 TabNine INFO] Recreating repo indexer, dense false => false, sparse false => true
INFO [server::indexing::workspace] [2024-05-08:14:09:28 TabNine INFO] repo indexing started for /Users/rickyperlick/Coding/gorl
INFO [similarity_search::repo_indexing::repo_indexer] [2024-05-08:14:09:28 TabNine INFO] Waiting for vdb to start before repo indexing can start for /Users/rickyperlick/Coding/gorl
INFO [similarity_search::repo_indexing::repo_indexer] [2024-05-08:14:09:28 TabNine INFO] Repo indexing started for /Users/rickyperlick/Coding/gorl
INFO [similarity_search::repo_indexing::indexing_status] [2024-05-08:14:09:28 TabNine INFO] indexing status tracker started listening - expecting [(SparseIndexer, 16), (ListFiles, 16)] jobs
INFO [similarity_search::repo_indexing::indexing_status] [2024-05-08:14:09:28 TabNine INFO] done receiving jobs for job id 'SparseIndexer', got 16/16 in 9.19625ms.
INFO [similarity_search::repo_indexing::indexing_status] [2024-05-08:14:09:28 TabNine INFO] done receiving jobs for job id 'ListFiles', got 16/16 in 9.358417ms.
INFO [similarity_search::repo_indexing::indexing_status] [2024-05-08:14:09:28 TabNine INFO] done receiving jobs, shutting down indexing status tracker
INFO [cloud2_utils::snippet_suggestions_host] [2024-05-08:14:09:31 TabNine INFO] enrichment config - returning default config
INFO [cloud2_utils::snippet_suggestions_host] [2024-05-08:14:09:31 TabNine INFO] enrichment config - returning default config
INFO [cloud2_utils::snippet_suggestions_host] [2024-05-08:14:10:53 TabNine INFO] enrichment config - returning default config
INFO [cloud2_utils::snippet_suggestions_host] [2024-05-08:14:10:53 TabNine INFO] enrichment config - returning default config
INFO [cloud2_utils::snippet_suggestions_host] [2024-05-08:14:10:53 TabNine INFO] enrichment config - returning default config
INFO [cloud2_utils::snippet_suggestions_host] [2024-05-08:14:10:53 TabNine INFO] enrichment config - returning default config
INFO [cloud2_utils::snippet_suggestions_host] [2024-05-08:14:11:01 TabNine INFO] enrichment config - returning default config
INFO [cloud2_utils::snippet_suggestions_host] [2024-05-08:14:11:01 TabNine INFO] enrichment config - returning default config
INFO [cloud2_utils::snippet_suggestions_host] [2024-05-08:14:11:31 TabNine INFO] enrichment config - returning default config
INFO [cloud2_utils::snippet_suggestions_host] [2024-05-08:14:11:31 TabNine INFO] enrichment config - returning default config
INFO [cloud2_utils::snippet_suggestions_host] [2024-05-08:14:12:01 TabNine INFO] enrichment config - returning default config
INFO [cloud2_utils::snippet_suggestions_host] [2024-05-08:14:12:01 TabNine INFO] enrichment config - returning default config
INFO [lunar_connection::local_lunar_connection] [2024-05-08:14:12:22 TabNine INFO] running command "/Users/rickyperlick/.local/share/nvim/plugged/tabnine-nvim/lua/tabnine/../../binaries/4.160.0/aarch64-apple-darwin/TabNine-deep-local" "--settings" "/Users/rickyperlick/Library/Preferences/TabNine/local.settingsce94127bSmall" "--settings-version" "1" "--log-file-path" "~/.config/nvim/tabnine.log" "--client" "nvim" "--client-metadata" "ide-restart-counter=1" "pluginVersion=1.7.0"
INFO [process_setup] [2024-05-08:14:12:22 TabNine-deep-local INFO] 
============ Tabnine process /Users/rickyperlick/.local/share/nvim/plugged/tabnine-nvim/lua/tabnine/../../binaries/4.160.0/aarch64-apple-darwin/TabNine-deep-local (38066) started ============
INFO [TabNine_deep_local] [2024-05-08:14:12:22 TabNine-deep-local INFO] parsed settings are Some(Settings { cpu_model: CpuModelSettings { rate_limit_interval_seconds: None, rate_limit_amount: None, enable_power_saving_mode: false }, download: DownloadSettings { api_key: None, meta_data_base_url: "https://api.tabnine.com", model: ModelMetadata { model_id: "162640eb4381301da6ff3a6913c806965a2ec6a7d3a6943bec51de1088948c72", upload_time: 2021-05-25T15:38:00+00:00, crc32_over_file_without_headers: "ce94127b", model_size: Small, owned_by_team_id: None, specialized_for_language: None, source_type: None, display_name: None, is_production_ready: true, is_manually_selectable: false } }, tune: TuneSettings { enable_power_saving_mode: false, override_beams: None, override_context_length: None }, run: RunSettings { is_enabled: true, omit_prefix_suggestions: false, line_suggestions: false } })
INFO [TabNine_deep_local] [2024-05-08:14:12:22 TabNine-deep-local INFO] local_lock_path "/Users/rickyperlick/Library/Preferences/TabNine/4.160.0/TabNine-deep-local.lockce94127b"
INFO [TabNine_deep_local] [2024-05-08:14:12:22 TabNine-deep-local INFO] TabNine-deep-local is already running, responding with existing port
INFO [lunar_connection::local_lunar_connection] [2024-05-08:14:12:23 TabNine INFO] TabNine-deep-local exited with status exit status: 0
INFO [cloud2_utils::snippet_suggestions_host] [2024-05-08:14:12:31 TabNine INFO] enrichment config - returning default config
INFO [cloud2_utils::snippet_suggestions_host] [2024-05-08:14:12:31 TabNine INFO] enrichment config - returning default config
INFO [cloud2_utils::snippet_suggestions_host] [2024-05-08:14:13:01 TabNine INFO] enrichment config - returning default config
INFO [cloud2_utils::snippet_suggestions_host] [2024-05-08:14:13:01 TabNine INFO] enrichment config - returning default config
INFO [cloud2_utils::snippet_suggestions_host] [2024-05-08:14:13:31 TabNine INFO] enrichment config - returning default config
INFO [cloud2_utils::snippet_suggestions_host] [2024-05-08:14:13:31 TabNine INFO] enrichment config - returning default config
INFO [cloud2_utils::snippet_suggestions_host] [2024-05-08:14:14:01 TabNine INFO] enrichment config - returning default config
INFO [cloud2_utils::snippet_suggestions_host] [2024-05-08:14:14:01 TabNine INFO] enrichment config - returning default config
INFO [cloud2_utils::snippet_suggestions_host] [2024-05-08:14:14:31 TabNine INFO] enrichment config - returning default config
INFO [cloud2_utils::snippet_suggestions_host] [2024-05-08:14:14:31 TabNine INFO] enrichment config - returning default config
INFO [cloud2_utils::snippet_suggestions_host] [2024-05-08:14:15:54 TabNine INFO] enrichment config - returning default config
INFO [cloud2_utils::snippet_suggestions_host] [2024-05-08:14:15:54 TabNine INFO] enrichment config - returning default config
INFO [cloud2_utils::snippet_suggestions_host] [2024-05-08:14:15:54 TabNine INFO] enrichment config - returning default config
INFO [cloud2_utils::snippet_suggestions_host] [2024-05-08:14:15:54 TabNine INFO] enrichment config - returning default config
INFO [cloud2_utils::snippet_suggestions_host] [2024-05-08:14:16:01 TabNine INFO] enrichment config - returning default config
INFO [cloud2_utils::snippet_suggestions_host] [2024-05-08:14:16:01 TabNine INFO] enrichment config - returning default config
INFO [cloud2_utils::snippet_suggestions_host] [2024-05-08:14:16:16 TabNine INFO] enrichment config - returning default config
INFO [prompt_enrichment::dependencies_enricher] [2024-05-08:14:16:16 TabNine INFO] Creating TNM enrichment...
INFO [prompt_enrichment::dependencies_enricher] [2024-05-08:14:16:16 TabNine INFO] language Go is not enabled for dependencies enrichment, skipping
INFO [prompt_enrichment::nfc_enricher] [2024-05-08:14:16:16 TabNine INFO] Creating NFC enrichment...
INFO [prompt_enrichment::hints_enricher] [2024-05-08:14:16:16 TabNine INFO] Creating hinting enrichment...
INFO [cloud2_utils::snippet_suggestions_host] [2024-05-08:14:16:16 TabNine INFO] enrichment config - returning default config
INFO [cloud2_utils::snippet_suggestions_host] [2024-05-08:14:16:17 TabNine INFO] enrichment config - returning default config
INFO [cloud2_utils::snippet_suggestions_host] [2024-05-08:14:16:19 TabNine INFO] enrichment config - returning default config
INFO [prompt_enrichment::dependencies_enricher] [2024-05-08:14:16:19 TabNine INFO] Creating TNM enrichment...
INFO [prompt_enrichment::dependencies_enricher] [2024-05-08:14:16:19 TabNine INFO] language Go is not enabled for dependencies enrichment, skipping
INFO [prompt_enrichment::nfc_enricher] [2024-05-08:14:16:19 TabNine INFO] Creating NFC enrichment...
INFO [prompt_enrichment::hints_enricher] [2024-05-08:14:16:19 TabNine INFO] Creating hinting enrichment...
INFO [cloud2_utils::snippet_suggestions_host] [2024-05-08:14:16:19 TabNine INFO] enrichment config - returning default config
INFO [cloud2_utils::snippet_suggestions_host] [2024-05-08:14:16:20 TabNine INFO] enrichment config - returning default config
INFO [cloud2_utils::snippet_suggestions_host] [2024-05-08:14:16:20 TabNine INFO] enrichment config - returning default config
INFO [prompt_enrichment::dependencies_enricher] [2024-05-08:14:16:20 TabNine INFO] Creating TNM enrichment...
INFO [prompt_enrichment::dependencies_enricher] [2024-05-08:14:16:20 TabNine INFO] language Go is not enabled for dependencies enrichment, skipping
INFO [prompt_enrichment::nfc_enricher] [2024-05-08:14:16:20 TabNine INFO] Creating NFC enrichment...
INFO [prompt_enrichment::hints_enricher] [2024-05-08:14:16:20 TabNine INFO] Creating hinting enrichment...
INFO [cloud2_utils::snippet_suggestions_host] [2024-05-08:14:16:20 TabNine INFO] enrichment config - returning default config
INFO [cloud2_utils::snippet_suggestions_host] [2024-05-08:14:16:21 TabNine INFO] enrichment config - returning default config
INFO [cloud2_utils::snippet_suggestions_host] [2024-05-08:14:16:31 TabNine INFO] enrichment config - returning default config
INFO [cloud2_utils::snippet_suggestions_host] [2024-05-08:14:16:31 TabNine INFO] enrichment config - returning default config
INFO [cloud2_utils::snippet_suggestions_host] [2024-05-08:14:17:08 TabNine INFO] enrichment config - returning default config
INFO [cloud2_utils::snippet_suggestions_host] [2024-05-08:14:17:08 TabNine INFO] enrichment config - returning default config
INFO [cloud2_utils::snippet_suggestions_host] [2024-05-08:14:17:46 TabNine INFO] enrichment config - returning default config
INFO [cloud2_utils::snippet_suggestions_host] [2024-05-08:14:17:46 TabNine INFO] enrichment config - returning default config
INFO [cloud2_utils::snippet_suggestions_host] [2024-05-08:14:17:57 TabNine INFO] enrichment config - returning default config
INFO [cloud2_utils::snippet_suggestions_host] [2024-05-08:14:17:57 TabNine INFO] enrichment config - returning default config
INFO [cloud2_utils::snippet_suggestions_host] [2024-05-08:14:18:11 TabNine INFO] enrichment config - returning default config
INFO [cloud2_utils::snippet_suggestions_host] [2024-05-08:14:18:35 TabNine INFO] enrichment config - returning default config
INFO [cloud2_utils::snippet_suggestions_host] [2024-05-08:14:18:35 TabNine INFO] enrichment config - returning default config
ERROR [in_app_messaging::internal] [2024-05-08:14:18:38 TabNine ERROR] Error while fetching messages. reqwest::Error { kind: Decode, source: Error("EOF while parsing a value", line: 1, column: 0) }
INFO [cloud2_utils::snippet_suggestions_host] [2024-05-08:14:19:01 TabNine INFO] enrichment config - returning default config
INFO [cloud2_utils::snippet_suggestions_host] [2024-05-08:14:19:01 TabNine INFO] enrichment config - returning default config
INFO [cloud2_utils::snippet_suggestions_host] [2024-05-08:14:19:35 TabNine INFO] enrichment config - returning default config
INFO [cloud2_utils::snippet_suggestions_host] [2024-05-08:14:19:35 TabNine INFO] enrichment config - returning default config
INFO [cloud2_utils::snippet_suggestions_host] [2024-05-08:14:19:44 TabNine INFO] enrichment config - returning default config
INFO [cloud2_utils::snippet_suggestions_host] [2024-05-08:14:20:01 TabNine INFO] enrichment config - returning default config
INFO [cloud2_utils::snippet_suggestions_host] [2024-05-08:14:20:01 TabNine INFO] enrichment config - returning default config
INFO [cloud2_utils::snippet_suggestions_host] [2024-05-08:14:20:12 TabNine INFO] enrichment config - returning default config
INFO [prompt_enrichment::dependencies_enricher] [2024-05-08:14:20:12 TabNine INFO] Creating TNM enrichment...
INFO [prompt_enrichment::dependencies_enricher] [2024-05-08:14:20:12 TabNine INFO] language Go is not enabled for dependencies enrichment, skipping
INFO [prompt_enrichment::nfc_enricher] [2024-05-08:14:20:12 TabNine INFO] Creating NFC enrichment...
INFO [prompt_enrichment::hints_enricher] [2024-05-08:14:20:12 TabNine INFO] Creating hinting enrichment...
INFO [cloud2_utils::snippet_suggestions_host] [2024-05-08:14:20:12 TabNine INFO] enrichment config - returning default config
INFO [cloud2_utils::snippet_suggestions_host] [2024-05-08:14:20:13 TabNine INFO] enrichment config - returning default config
INFO [cloud2_utils::snippet_suggestions_host] [2024-05-08:14:20:13 TabNine INFO] enrichment config - returning default config
INFO [prompt_enrichment::dependencies_enricher] [2024-05-08:14:20:13 TabNine INFO] Creating TNM enrichment...
INFO [prompt_enrichment::dependencies_enricher] [2024-05-08:14:20:13 TabNine INFO] language Go is not enabled for dependencies enrichment, skipping
INFO [prompt_enrichment::nfc_enricher] [2024-05-08:14:20:13 TabNine INFO] Creating NFC enrichment...
INFO [prompt_enrichment::hints_enricher] [2024-05-08:14:20:13 TabNine INFO] Creating hinting enrichment...
INFO [cloud2_utils::snippet_suggestions_host] [2024-05-08:14:20:13 TabNine INFO] enrichment config - returning default config
INFO [cloud2_utils::snippet_suggestions_host] [2024-05-08:14:20:13 TabNine INFO] enrichment config - returning default config
INFO [cloud2_utils::snippet_suggestions_host] [2024-05-08:14:20:13 TabNine INFO] enrichment config - returning default config
INFO [prompt_enrichment::dependencies_enricher] [2024-05-08:14:20:13 TabNine INFO] Creating TNM enrichment...
INFO [prompt_enrichment::dependencies_enricher] [2024-05-08:14:20:13 TabNine INFO] language Go is not enabled for dependencies enrichment, skipping
INFO [prompt_enrichment::nfc_enricher] [2024-05-08:14:20:13 TabNine INFO] Creating NFC enrichment...
INFO [prompt_enrichment::hints_enricher] [2024-05-08:14:20:13 TabNine INFO] Creating hinting enrichment...
INFO [cloud2_utils::snippet_suggestions_host] [2024-05-08:14:20:13 TabNine INFO] enrichment config - returning default config
INFO [cloud2_utils::snippet_suggestions_host] [2024-05-08:14:20:16 TabNine INFO] enrichment config - returning default config
INFO [cloud2_utils::snippet_suggestions_host] [2024-05-08:14:20:16 TabNine INFO] enrichment config - returning default config
INFO [prompt_enrichment::dependencies_enricher] [2024-05-08:14:20:16 TabNine INFO] Creating TNM enrichment...
INFO [prompt_enrichment::dependencies_enricher] [2024-05-08:14:20:16 TabNine INFO] language Go is not enabled for dependencies enrichment, skipping
INFO [prompt_enrichment::nfc_enricher] [2024-05-08:14:20:16 TabNine INFO] Creating NFC enrichment...
INFO [prompt_enrichment::hints_enricher] [2024-05-08:14:20:16 TabNine INFO] Creating hinting enrichment...
INFO [cloud2_utils::snippet_suggestions_host] [2024-05-08:14:20:16 TabNine INFO] enrichment config - returning default config
INFO [cloud2_utils::snippet_suggestions_host] [2024-05-08:14:20:18 TabNine INFO] enrichment config - returning default config
INFO [cloud2_utils::snippet_suggestions_host] [2024-05-08:14:20:18 TabNine INFO] enrichment config - returning default config
INFO [prompt_enrichment::dependencies_enricher] [2024-05-08:14:20:18 TabNine INFO] Creating TNM enrichment...
INFO [prompt_enrichment::dependencies_enricher] [2024-05-08:14:20:18 TabNine INFO] language Go is not enabled for dependencies enrichment, skipping
INFO [prompt_enrichment::nfc_enricher] [2024-05-08:14:20:18 TabNine INFO] Creating NFC enrichment...
INFO [prompt_enrichment::hints_enricher] [2024-05-08:14:20:18 TabNine INFO] Creating hinting enrichment...
INFO [cloud2_utils::snippet_suggestions_host] [2024-05-08:14:20:18 TabNine INFO] enrichment config - returning default config
INFO [cloud2_utils::snippet_suggestions_host] [2024-05-08:14:20:19 TabNine INFO] enrichment config - returning default config
INFO [cloud2_utils::snippet_suggestions_host] [2024-05-08:14:20:19 TabNine INFO] enrichment config - returning default config
INFO [prompt_enrichment::dependencies_enricher] [2024-05-08:14:20:19 TabNine INFO] Creating TNM enrichment...
INFO [prompt_enrichment::dependencies_enricher] [2024-05-08:14:20:19 TabNine INFO] language Go is not enabled for dependencies enrichment, skipping
INFO [prompt_enrichment::nfc_enricher] [2024-05-08:14:20:19 TabNine INFO] Creating NFC enrichment...
INFO [prompt_enrichment::hints_enricher] [2024-05-08:14:20:19 TabNine INFO] Creating hinting enrichment...
INFO [cloud2_utils::snippet_suggestions_host] [2024-05-08:14:20:19 TabNine INFO] enrichment config - returning default config
INFO [cloud2_utils::snippet_suggestions_host] [2024-05-08:14:20:20 TabNine INFO] enrichment config - returning default config
INFO [cloud2_utils::snippet_suggestions_host] [2024-05-08:14:20:20 TabNine INFO] enrichment config - returning default config
INFO [prompt_enrichment::dependencies_enricher] [2024-05-08:14:20:20 TabNine INFO] Creating TNM enrichment...
INFO [prompt_enrichment::dependencies_enricher] [2024-05-08:14:20:20 TabNine INFO] language Go is not enabled for dependencies enrichment, skipping
INFO [prompt_enrichment::nfc_enricher] [2024-05-08:14:20:20 TabNine INFO] Creating NFC enrichment...
INFO [prompt_enrichment::hints_enricher] [2024-05-08:14:20:20 TabNine INFO] Creating hinting enrichment...
INFO [cloud2_utils::snippet_suggestions_host] [2024-05-08:14:20:20 TabNine INFO] enrichment config - returning default config
INFO [cloud2_utils::snippet_suggestions_host] [2024-05-08:14:20:21 TabNine INFO] enrichment config - returning default config
INFO [cloud2_utils::snippet_suggestions_host] [2024-05-08:14:20:21 TabNine INFO] enrichment config - returning default config
INFO [cloud2_utils::snippet_suggestions_host] [2024-05-08:14:20:30 TabNine INFO] enrichment config - returning default config
INFO [prompt_enrichment::dependencies_enricher] [2024-05-08:14:20:30 TabNine INFO] Creating TNM enrichment...
INFO [prompt_enrichment::dependencies_enricher] [2024-05-08:14:20:30 TabNine INFO] language Go is not enabled for dependencies enrichment, skipping
INFO [prompt_enrichment::nfc_enricher] [2024-05-08:14:20:30 TabNine INFO] Creating NFC enrichment...
INFO [prompt_enrichment::hints_enricher] [2024-05-08:14:20:30 TabNine INFO] Creating hinting enrichment...
INFO [cloud2_utils::snippet_suggestions_host] [2024-05-08:14:20:30 TabNine INFO] enrichment config - returning default config
INFO [cloud2_utils::snippet_suggestions_host] [2024-05-08:14:20:32 TabNine INFO] enrichment config - returning default config
INFO [cloud2_utils::snippet_suggestions_host] [2024-05-08:14:20:32 TabNine INFO] enrichment config - returning default config
INFO [cloud2_utils::snippet_suggestions_host] [2024-05-08:14:20:32 TabNine INFO] enrichment config - returning default config
INFO [cloud2_utils::snippet_suggestions_host] [2024-05-08:14:20:35 TabNine INFO] enrichment config - returning default config
INFO [prompt_enrichment::dependencies_enricher] [2024-05-08:14:20:35 TabNine INFO] Creating TNM enrichment...
INFO [prompt_enrichment::dependencies_enricher] [2024-05-08:14:20:35 TabNine INFO] language Go is not enabled for dependencies enrichment, skipping
INFO [prompt_enrichment::nfc_enricher] [2024-05-08:14:20:35 TabNine INFO] Creating NFC enrichment...
INFO [prompt_enrichment::hints_enricher] [2024-05-08:14:20:35 TabNine INFO] Creating hinting enrichment...
INFO [cloud2_utils::snippet_suggestions_host] [2024-05-08:14:20:35 TabNine INFO] enrichment config - returning default config
ERROR [snippet_suggestions::snippets_provider] [2024-05-08:14:20:38 TabNine ERROR] Could not request snippet: Empty response: Proxy TimeoutError
INFO [cloud2_utils::snippet_suggestions_host] [2024-05-08:14:20:38 TabNine INFO] enrichment config - returning default config
INFO [cloud2_utils::snippet_suggestions_host] [2024-05-08:14:21:01 TabNine INFO] enrichment config - returning default config
INFO [cloud2_utils::snippet_suggestions_host] [2024-05-08:14:21:01 TabNine INFO] enrichment config - returning default config
INFO [cloud2_utils::snippet_suggestions_host] [2024-05-08:14:21:31 TabNine INFO] enrichment config - returning default config
INFO [cloud2_utils::snippet_suggestions_host] [2024-05-08:14:21:31 TabNine INFO] enrichment config - returning default config
INFO [cloud2_utils::snippet_suggestions_host] [2024-05-08:14:22:01 TabNine INFO] enrichment config - returning default config
INFO [cloud2_utils::snippet_suggestions_host] [2024-05-08:14:22:01 TabNine INFO] enrichment config - returning default config
INFO [cloud2_utils::snippet_suggestions_host] [2024-05-08:14:22:31 TabNine INFO] enrichment config - returning default config
INFO [cloud2_utils::snippet_suggestions_host] [2024-05-08:14:22:31 TabNine INFO] enrichment config - returning default config
INFO [cloud2_utils::snippet_suggestions_host] [2024-05-08:14:23:01 TabNine INFO] enrichment config - returning default config
INFO [cloud2_utils::snippet_suggestions_host] [2024-05-08:14:23:01 TabNine INFO] enrichment config - returning default config
INFO [cloud2_utils::snippet_suggestions_host] [2024-05-08:14:23:31 TabNine INFO] enrichment config - returning default config
INFO [cloud2_utils::snippet_suggestions_host] [2024-05-08:14:23:31 TabNine INFO] enrichment config - returning default config
INFO [cloud2_utils::snippet_suggestions_host] [2024-05-08:14:23:36 TabNine INFO] enrichment config - returning default config
INFO [prompt_enrichment::dependencies_enricher] [2024-05-08:14:23:36 TabNine INFO] Creating TNM enrichment...
INFO [prompt_enrichment::dependencies_enricher] [2024-05-08:14:23:36 TabNine INFO] language Go is not enabled for dependencies enrichment, skipping
INFO [prompt_enrichment::nfc_enricher] [2024-05-08:14:23:36 TabNine INFO] Creating NFC enrichment...
INFO [prompt_enrichment::hints_enricher] [2024-05-08:14:23:36 TabNine INFO] Creating hinting enrichment...
INFO [cloud2_utils::snippet_suggestions_host] [2024-05-08:14:23:36 TabNine INFO] enrichment config - returning default config
INFO [cloud2_utils::snippet_suggestions_host] [2024-05-08:14:23:38 TabNine INFO] enrichment config - returning default config
INFO [cloud2_utils::snippet_suggestions_host] [2024-05-08:14:24:01 TabNine INFO] enrichment config - returning default config
INFO [cloud2_utils::snippet_suggestions_host] [2024-05-08:14:24:01 TabNine INFO] enrichment config - returning default config
INFO [cloud2_utils::snippet_suggestions_host] [2024-05-08:14:24:31 TabNine INFO] enrichment config - returning default config
INFO [cloud2_utils::snippet_suggestions_host] [2024-05-08:14:24:31 TabNine INFO] enrichment config - returning default config
INFO [cloud2_utils::snippet_suggestions_host] [2024-05-08:14:25:06 TabNine INFO] enrichment config - returning default config
INFO [cloud2_utils::snippet_suggestions_host] [2024-05-08:14:25:06 TabNine INFO] enrichment config - returning default config
INFO [cloud2_utils::snippet_suggestions_host] [2024-05-08:14:25:12 TabNine INFO] enrichment config - returning default config
INFO [cloud2_utils::snippet_suggestions_host] [2024-05-08:14:25:31 TabNine INFO] enrichment config - returning default config
INFO [cloud2_utils::snippet_suggestions_host] [2024-05-08:14:25:31 TabNine INFO] enrichment config - returning default config
INFO [cloud2_utils::snippet_suggestions_host] [2024-05-08:14:26:01 TabNine INFO] enrichment config - returning default config
INFO [cloud2_utils::snippet_suggestions_host] [2024-05-08:14:26:01 TabNine INFO] enrichment config - returning default config
INFO [cloud2_utils::snippet_suggestions_host] [2024-05-08:14:26:31 TabNine INFO] enrichment config - returning default config
INFO [cloud2_utils::snippet_suggestions_host] [2024-05-08:14:26:31 TabNine INFO] enrichment config - returning default config
INFO [cloud2_utils::snippet_suggestions_host] [2024-05-08:14:27:01 TabNine INFO] enrichment config - returning default config
INFO [cloud2_utils::snippet_suggestions_host] [2024-05-08:14:27:01 TabNine INFO] enrichment config - returning default config
INFO [cloud2_utils::snippet_suggestions_host] [2024-05-08:14:27:31 TabNine INFO] enrichment config - returning default config
INFO [cloud2_utils::snippet_suggestions_host] [2024-05-08:14:27:31 TabNine INFO] enrichment config - returning default config
INFO [cloud2_utils::snippet_suggestions_host] [2024-05-08:14:28:01 TabNine INFO] enrichment config - returning default config
INFO [cloud2_utils::snippet_suggestions_host] [2024-05-08:14:28:01 TabNine INFO] enrichment config - returning default config
INFO [cloud2_utils::snippet_suggestions_host] [2024-05-08:14:28:18 TabNine INFO] enrichment config - returning default config
INFO [cloud2_utils::snippet_suggestions_host] [2024-05-08:14:28:31 TabNine INFO] enrichment config - returning default config
INFO [cloud2_utils::snippet_suggestions_host] [2024-05-08:14:28:31 TabNine INFO] enrichment config - returning default config
ERROR [in_app_messaging::internal] [2024-05-08:14:28:39 TabNine ERROR] Error while fetching messages. reqwest::Error { kind: Decode, source: Error("EOF while parsing a value", line: 1, column: 0) }
INFO [cloud2_utils::snippet_suggestions_host] [2024-05-08:14:28:47 TabNine INFO] enrichment config - returning default config
INFO [cloud2_utils::snippet_suggestions_host] [2024-05-08:14:29:01 TabNine INFO] enrichment config - returning default config
INFO [cloud2_utils::snippet_suggestions_host] [2024-05-08:14:29:01 TabNine INFO] enrichment config - returning default config
INFO [cloud2_utils::snippet_suggestions_host] [2024-05-08:14:29:31 TabNine INFO] enrichment config - returning default config
INFO [cloud2_utils::snippet_suggestions_host] [2024-05-08:14:29:31 TabNine INFO] enrichment config - returning default config
